<?xml version="1.0" encoding="UTF-8"?>
<testng-results ignored="0" total="1" passed="1" failed="0" skipped="0">
  <reporter-output>
  </reporter-output>
  <suite started-at="2020-02-28T20:57:24 EST" name="Default suite" finished-at="2020-02-28T20:57:27 EST" duration-ms="3615">
    <groups>
    </groups>
    <test started-at="2020-02-28T20:57:24 EST" name="Default test" finished-at="2020-02-28T20:57:27 EST" duration-ms="3615">
      <class name="edu.cscc.hibernate_test.LoginTest">
        <test-method signature="tryLogin()[pri:0, instance:edu.cscc.hibernate_test.LoginTest@c86b9e3]" started-at="2020-02-28T20:57:24 EST" name="tryLogin" finished-at="2020-02-28T20:57:27 EST" duration-ms="3570" status="PASS">
          <reporter-output>
          </reporter-output>
        </test-method> <!-- tryLogin -->
      </class> <!-- edu.cscc.hibernate_test.LoginTest -->
    </test> <!-- Default test -->
  </suite> <!-- Default suite -->
</testng-results>
