<?xml version="1.0" encoding="UTF-8"?>
<testng-results ignored="0" total="1" passed="1" failed="0" skipped="0">
  <reporter-output>
  </reporter-output>
  <suite started-at="2020-02-26T14:17:09 EST" name="Default suite" finished-at="2020-02-26T14:17:12 EST" duration-ms="3137">
    <groups>
    </groups>
    <test started-at="2020-02-26T14:17:09 EST" name="Default test" finished-at="2020-02-26T14:17:12 EST" duration-ms="3137">
      <class name="edu.cscc.hibernate_test.LocationTest">
        <test-method signature="f()[pri:0, instance:edu.cscc.hibernate_test.LocationTest@7fc229ab]" started-at="2020-02-26T14:17:09 EST" name="f" finished-at="2020-02-26T14:17:12 EST" duration-ms="3105" status="PASS">
          <reporter-output>
          </reporter-output>
        </test-method> <!-- f -->
      </class> <!-- edu.cscc.hibernate_test.LocationTest -->
    </test> <!-- Default test -->
  </suite> <!-- Default suite -->
</testng-results>
